<!-- this is the bootstrap file to incldue the core. Don't add core tags here, add them to core.xml -->
<collection-space>
  <include src="test-core.xml"/>
  <include src="@" strip-root="yes"/>
</collection-space>